023-06-17 16:45:09 [main] INFO  c.logging.logging.LoggingApplication - Starting LoggingApplication using Java 17.0.6 with PID 40928 (C:\Users\mchiadini\Documents\GitHub\logging\target\classes started by mchiadini in C:\Users\mchiadini\Documents\GitHub\logging)
""2023-06-17 16:45:09 [main] DEBUG c.logging.logging.LoggingApplication - Running with Spring Boot v3.1.0, Spring v6.0.9
""2023-06-17 16:45:09 [main] INFO  c.logging.logging.LoggingApplication - No active profile set, falling back to 1 default profile: "default"
""2023-06-17 16:45:10 [main] INFO  o.s.b.w.e.tomcat.TomcatWebServer - Tomcat initialized with port(s): 9090 (http)
""2023-06-17 16:45:10 [main] INFO  o.a.catalina.core.StandardService - Starting service [Tomcat]
""2023-06-17 16:45:10 [main] INFO  o.a.catalina.core.StandardEngine - Starting Servlet engine: [Apache Tomcat/10.1.8]
""2023-06-17 16:45:10 [main] INFO  o.a.c.c.C.[Tomcat].[localhost].[/] - Initializing Spring embedded WebApplicationContext
""2023-06-17 16:45:10 [main] INFO  o.s.b.w.s.c.ServletWebServerApplicationContext - Root WebApplicationContext: initialization completed in 1206 ms
""2023-06-17 16:45:11 [main] INFO  o.s.b.w.e.tomcat.TomcatWebServer - Tomcat started on port(s): 9090 (http) with context path ''
""2023-06-17 16:45:11 [main] INFO  c.logging.logging.LoggingApplication - Started LoggingApplication in 2.157 seconds (process running for 2.798)
""2023-06-17 16:45:30 [http-nio-9090-exec-1] INFO  o.a.c.c.C.[Tomcat].[localhost].[/] - Initializing Spring DispatcherServlet 'dispatcherServlet'
""2023-06-17 16:45:30 [http-nio-9090-exec-1] DEBUG c.logging.logging.LoggingApplication - Request Matteo
""2023-06-17 16:45:30 [http-nio-9090-exec-1] DEBUG c.logging.logging.LoggingApplication - Response Hi Matteo,welcome to logging lessons
""2023-06-17 16:45:32 [http-nio-9090-exec-3] DEBUG c.logging.logging.LoggingApplication - Request Matteo
""2023-06-17 16:45:32 [http-nio-9090-exec-3] DEBUG c.logging.logging.LoggingApplication - Response Hi Matteo,welcome to logging lessons
""2023-06-17 16:45:32 [http-nio-9090-exec-4] DEBUG c.logging.logging.LoggingApplication - Request Matteo
""2023-06-17 16:45:32 [http-nio-9090-exec-4] DEBUG c.logging.logging.LoggingApplication - Response Hi Matteo,welcome to logging lessons
""2023-06-17 16:45:33 [http-nio-9090-exec-5] DEBUG c.logging.logging.LoggingApplication - Request Matteo
""2023-06-17 16:45:33 [http-nio-9090-exec-5] DEBUG c.logging.logging.LoggingApplication - Response Hi Matteo,welcome to logging lessons
""2023-06-17 17:03:27 [main] INFO  c.logging.logging.LoggingApplication - Starting LoggingApplication using Java 17.0.6 with PID 30492 (C:\Users\mchiadini\Documents\GitHub\logging\target\classes started by mchiadini in C:\Users\mchiadini\Documents\GitHub\logging)
""2023-06-17 17:03:27 [main] DEBUG c.logging.logging.LoggingApplication - Running with Spring Boot v3.1.0, Spring v6.0.9
""2023-06-17 17:03:27 [main] INFO  c.logging.logging.LoggingApplication - No active profile set, falling back to 1 default profile: "default"
""2023-06-17 17:03:29 [main] INFO  o.s.b.w.e.tomcat.TomcatWebServer - Tomcat initialized with port(s): 9090 (http)
""2023-06-17 17:03:29 [main] INFO  o.a.catalina.core.StandardService - Starting service [Tomcat]
""2023-06-17 17:03:29 [main] INFO  o.a.catalina.core.StandardEngine - Starting Servlet engine: [Apache Tomcat/10.1.8]
""2023-06-17 17:03:29 [main] INFO  o.a.c.c.C.[Tomcat].[localhost].[/] - Initializing Spring embedded WebApplicationContext
""2023-06-17 17:03:29 [main] INFO  o.s.b.w.s.c.ServletWebServerApplicationContext - Root WebApplicationContext: initialization completed in 1362 ms
""2023-06-17 17:03:29 [main] INFO  o.s.b.w.e.tomcat.TomcatWebServer - Tomcat started on port(s): 9090 (http) with context path ''
""2023-06-17 17:03:29 [main] INFO  c.logging.logging.LoggingApplication - Started LoggingApplication in 2.555 seconds (process running for 3.199)
""2023-06-17 17:03:47 [http-nio-9090-exec-1] INFO  o.a.c.c.C.[Tomcat].[localhost].[/] - Initializing Spring DispatcherServlet 'dispatcherServlet'
""2023-06-17 17:03:47 [http-nio-9090-exec-1] DEBUG c.logging.logging.LoggingApplication - Request Matteo
""2023-06-17 17:03:47 [http-nio-9090-exec-1] DEBUG c.logging.logging.LoggingApplication - Response Hi Matteo,welcome to logging lessons
""2023-06-17 17:03:47 [http-nio-9090-exec-2] DEBUG c.logging.logging.LoggingApplication - Request Matteo
""2023-06-17 17:03:47 [http-nio-9090-exec-2] DEBUG c.logging.logging.LoggingApplication - Response Hi Matteo,welcome to logging lessons
""2023-06-17 17:18:27 [main] INFO  c.logging.logging.LoggingApplication - Starting LoggingApplication using Java 17.0.6 with PID 16748 (C:\Users\mchiadini\Documents\GitHub\logging\target\classes started by mchiadini in C:\Users\mchiadini\Documents\GitHub\logging)
""2023-06-17 17:18:27 [main] DEBUG c.logging.logging.LoggingApplication - Running with Spring Boot v3.1.0, Spring v6.0.9
""2023-06-17 17:18:27 [main] INFO  c.logging.logging.LoggingApplication - No active profile set, falling back to 1 default profile: "default"
""2023-06-17 17:18:28 [main] INFO  o.s.b.w.e.tomcat.TomcatWebServer - Tomcat initialized with port(s): 9090 (http)
""2023-06-17 17:18:28 [main] INFO  o.a.catalina.core.StandardService - Starting service [Tomcat]
""2023-06-17 17:18:28 [main] INFO  o.a.catalina.core.StandardEngine - Starting Servlet engine: [Apache Tomcat/10.1.8]
""2023-06-17 17:18:28 [main] INFO  o.a.c.c.C.[Tomcat].[localhost].[/] - Initializing Spring embedded WebApplicationContext
""2023-06-17 17:18:28 [main] INFO  o.s.b.w.s.c.ServletWebServerApplicationContext - Root WebApplicationContext: initialization completed in 1076 ms
""2023-06-17 17:18:29 [main] INFO  o.s.b.w.e.tomcat.TomcatWebServer - Tomcat started on port(s): 9090 (http) with context path ''
""2023-06-17 17:18:29 [main] INFO  c.logging.logging.LoggingApplication - Started LoggingApplication in 2.003 seconds (process running for 2.409)
""2023-06-17 17:19:11 [main] INFO  c.logging.logging.LoggingApplication - Starting LoggingApplication using Java 17.0.6 with PID 36448 (C:\Users\mchiadini\Documents\GitHub\logging\target\classes started by mchiadini in C:\Users\mchiadini\Documents\GitHub\logging)
""2023-06-17 17:19:11 [main] DEBUG c.logging.logging.LoggingApplication - Running with Spring Boot v3.1.0, Spring v6.0.9
""2023-06-17 17:19:11 [main] INFO  c.logging.logging.LoggingApplication - No active profile set, falling back to 1 default profile: "default"
""2023-06-17 17:19:12 [main] INFO  o.s.b.w.e.tomcat.TomcatWebServer - Tomcat initialized with port(s): 9090 (http)
""2023-06-17 17:19:12 [main] INFO  o.a.catalina.core.StandardService - Starting service [Tomcat]
""2023-06-17 17:19:12 [main] INFO  o.a.catalina.core.StandardEngine - Starting Servlet engine: [Apache Tomcat/10.1.8]
""2023-06-17 17:19:12 [main] INFO  o.a.c.c.C.[Tomcat].[localhost].[/] - Initializing Spring embedded WebApplicationContext
""2023-06-17 17:19:12 [main] INFO  o.s.b.w.s.c.ServletWebServerApplicationContext - Root WebApplicationContext: initialization completed in 1021 ms
""2023-06-17 17:19:13 [main] INFO  o.s.b.w.e.tomcat.TomcatWebServer - Tomcat started on port(s): 9090 (http) with context path ''
""2023-06-17 17:19:13 [main] INFO  c.logging.logging.LoggingApplication - Started LoggingApplication in 1.881 seconds (process running for 2.203)
""2023-06-17 17:19:27 [http-nio-9090-exec-1] INFO  o.a.c.c.C.[Tomcat].[localhost].[/] - Initializing Spring DispatcherServlet 'dispatcherServlet'
""2023-06-17 17:19:27 [http-nio-9090-exec-1] DEBUG c.logging.logging.LoggingApplication - Request Matteo
""2023-06-17 17:19:27 [http-nio-9090-exec-1] DEBUG c.logging.logging.LoggingApplication - Response Hi Matteo,welcome to logging lessons
""2023-06-17 17:19:30 [http-nio-9090-exec-2] DEBUG c.logging.logging.LoggingApplication - Request Matteo
""2023-06-17 17:19:30 [http-nio-9090-exec-2] DEBUG c.logging.logging.LoggingApplication - Response Hi Matteo,welcome to logging lessons
""2023-06-17 17:19:31 [http-nio-9090-exec-3] DEBUG c.logging.logging.LoggingApplication - Request Matteo
""2023-06-17 17:19:31 [http-nio-9090-exec-3] DEBUG c.logging.logging.LoggingApplication - Response Hi Matteo,welcome to logging lessons
""2023-06-17 17:19:31 [http-nio-9090-exec-4] DEBUG c.logging.logging.LoggingApplication - Request Matteo
""2023-06-17 17:19:31 [http-nio-9090-exec-4] DEBUG c.logging.logging.LoggingApplication - Response Hi Matteo,welcome to logging lessons
""2023-06-17 17:19:31 [http-nio-9090-exec-5] DEBUG c.logging.logging.LoggingApplication - Request Matteo
""2023-06-17 17:19:31 [http-nio-9090-exec-5] DEBUG c.logging.logging.LoggingApplication - Response Hi Matteo,welcome to logging lessons
""2023-06-17 17:19:31 [http-nio-9090-exec-6] DEBUG c.logging.logging.LoggingApplication - Request Matteo
""2023-06-17 17:19:31 [http-nio-9090-exec-6] DEBUG c.logging.logging.LoggingApplication - Response Hi Matteo,welcome to logging lessons
"