2023-06-19 18:59:30 [main] INFO  c.logging.logging.LoggingApplication -
                Starting LoggingApplication using Java 17.0.6 with PID 3228 (C:\Users\mchiadini\Documents\GitHub\HomeWork\logging\target\classes started by mchiadini in C:\Users\mchiadini\Documents\GitHub\HomeWork\logging)
2023-06-19 18:59:30 [main] DEBUG c.logging.logging.LoggingApplication -
                Running with Spring Boot v3.1.0, Spring v6.0.9
2023-06-19 18:59:30 [main] INFO  c.logging.logging.LoggingApplication -
                No active profile set, falling back to 1 default profile: "default"
2023-06-19 18:59:34 [main] INFO  c.logging.logging.LoggingApplication -
                Started LoggingApplication in 4.989 seconds (process running for 6.666)
2023-06-19 19:00:04 [http-nio-9090-exec-2] DEBUG c.logging.logging.LoggingApplication -
                Request Matteo
2023-06-19 19:00:04 [http-nio-9090-exec-2] DEBUG c.logging.logging.LoggingApplication -
                Response Hi Matteo,welcome to logging lessons
2023-06-19 19:00:13 [http-nio-9090-exec-5] DEBUG c.logging.logging.LoggingApplication -
                Request Matteo
2023-06-19 19:00:13 [http-nio-9090-exec-5] DEBUG c.logging.logging.LoggingApplication -
                Response Hi Matteo,welcome to logging lessons
2023-06-19 19:00:14 [http-nio-9090-exec-6] DEBUG c.logging.logging.LoggingApplication -
                Request Matteo
2023-06-19 19:00:14 [http-nio-9090-exec-6] DEBUG c.logging.logging.LoggingApplication -
                Response Hi Matteo,welcome to logging lessons
2023-06-19 19:00:19 [http-nio-9090-exec-7] DEBUG c.logging.logging.LoggingApplication -
                Request test
