2023-06-16 18:07:04 [main] INFO  c.logging.logging.LoggingApplication -
                Starting LoggingApplication using Java 17.0.6 with PID 37968 (C:\Users\mchiadini\Documents\GitHub\logging\target\classes started by mchiadini in C:\Users\mchiadini\Documents\GitHub\logging)
2023-06-16 18:07:04 [main] DEBUG c.logging.logging.LoggingApplication -
                Running with Spring Boot v3.1.0, Spring v6.0.9
2023-06-16 18:07:04 [main] INFO  c.logging.logging.LoggingApplication -
                No active profile set, falling back to 1 default profile: "default"
2023-06-16 18:07:06 [main] INFO  c.logging.logging.LoggingApplication -
                Started LoggingApplication in 2.885 seconds (process running for 4.188)
2023-06-16 18:10:17 [main] INFO  c.logging.logging.LoggingApplication -
                Starting LoggingApplication using Java 17.0.6 with PID 26132 (C:\Users\mchiadini\Documents\GitHub\logging\target\classes started by mchiadini in C:\Users\mchiadini\Documents\GitHub\logging)
2023-06-16 18:10:17 [main] DEBUG c.logging.logging.LoggingApplication -
                Running with Spring Boot v3.1.0, Spring v6.0.9
2023-06-16 18:10:17 [main] INFO  c.logging.logging.LoggingApplication -
                No active profile set, falling back to 1 default profile: "default"
2023-06-16 18:10:19 [main] INFO  c.logging.logging.LoggingApplication -
                Started LoggingApplication in 3.254 seconds (process running for 4.509)
2023-06-16 18:11:02 [http-nio-9090-exec-1] DEBUG c.logging.logging.LoggingApplication -
                Request Matteo
2023-06-16 18:11:02 [http-nio-9090-exec-1] DEBUG c.logging.logging.LoggingApplication -
                Response Hi Matteo,welcome to logging lessons
2023-06-16 18:11:05 [http-nio-9090-exec-2] DEBUG c.logging.logging.LoggingApplication -
                Request Matteo
2023-06-16 18:11:05 [http-nio-9090-exec-2] DEBUG c.logging.logging.LoggingApplication -
                Response Hi Matteo,welcome to logging lessons
2023-06-16 18:11:05 [http-nio-9090-exec-3] DEBUG c.logging.logging.LoggingApplication -
                Request Matteo
2023-06-16 18:11:05 [http-nio-9090-exec-3] DEBUG c.logging.logging.LoggingApplication -
                Response Hi Matteo,welcome to logging lessons
2023-06-16 18:11:55 [http-nio-9090-exec-5] DEBUG c.logging.logging.LoggingApplication -
                Request test
